[debug] [2020-03-09T08:55:00.977Z] ----------------------------------------------------------------------
[debug] [2020-03-09T08:55:00.979Z] Command:       C:\Program Files\nodejs\node.exe C:\Users\enyo1\AppData\Roaming\npm\node_modules\firebase-tools\lib\bin\firebase.js emulators:start --only firestore
[debug] [2020-03-09T08:55:00.979Z] CLI Version:   7.14.0
[debug] [2020-03-09T08:55:00.979Z] Platform:      win32
[debug] [2020-03-09T08:55:00.979Z] Node Version:  v12.14.1
[debug] [2020-03-09T08:55:00.980Z] Time:          Mon Mar 09 2020 09:55:00 GMT+0100 (GMT+01:00)
[debug] [2020-03-09T08:55:00.980Z] ----------------------------------------------------------------------
[debug] [2020-03-09T08:55:00.980Z] 
[debug] [2020-03-09T08:55:00.989Z] > command requires scopes: ["email","openid","https://www.googleapis.com/auth/cloudplatformprojects.readonly","https://www.googleapis.com/auth/firebase","https://www.googleapis.com/auth/cloud-platform"]
[debug] [2020-03-09T08:55:00.990Z] > authorizing via signed-in user
[info] i  emulators: Starting emulators: firestore
[debug] [2020-03-09T08:55:03.063Z] [hub] writing locator at C:\Users\enyo1\AppData\Local\Temp\hub-cometoeat-5a561.json
[info] +  hub: emulator hub started at http://localhost:4400
[warn] !  Firestore rules file C:\dev\OpenclassRooms\parcours\devAndroid\projets\projet11\comeToEat\firestore.rules specified in firebase.json does not exist, starting Firestore emulator without rules.
[info] i  firestore: Serving ALL traffic (including WebChannel) on http://localhost:8080
[warn] !  firestore: Support for WebChannel on a separate port (8081) is DEPRECATED and will go away soon. Please use port above instead.
[debug] [2020-03-09T08:55:05.111Z] Ignoring unsupported arg: projectId
[debug] [2020-03-09T08:55:05.111Z] Ignoring unsupported arg: auto_download
[debug] [2020-03-09T08:55:05.111Z] Starting firestore emulator with command {"binary":"java","args":["-Duser.language=en","-jar","C:\\Users\\enyo1\\.cache\\firebase\\emulators\\cloud-firestore-emulator-v1.10.4.jar","--host","localhost","--port",8080,"--webchannel_port",8081],"optionalArgs":["port","webchannel_port","host","rules","functions_emulator","seed_from_export"],"joinArgs":false}
[info] i  firestore: firestore emulator logging to firestore-debug.log
[debug] [2020-03-09T08:55:06.952Z] API endpoint: http://localhost:8080
[debug] [2020-03-09T08:55:06.952Z] 
If you are using a library that supports the FIRESTORE_EMULATOR_HOST environment variable, run:

   export FIRESTORE_EMULATOR_HOST=localhost:8080

Dev App Server is now running.


[info] +  firestore: firestore emulator started at http://localhost:8080
[info] i  firestore: For testing set FIRESTORE_EMULATOR_HOST=localhost:8080
[info] +  All emulators started, it is now safe to connect.
